<<<<<<< HEAD
﻿Build started 12-Mar-15 3:21:27 PM.
     1>Project "C:\Users\User\Desktop\TaskSotong\main\TaskSotong\TaskSotong\TaskSotong.vcxproj" on node 2 (Build target(s)).
       Project file contains ToolsVersion="12.0". This toolset is unknown or missing. You may be able to resolve this by installing the appropriate .NET Framework for this toolset. Treating the project as if it had ToolsVersion="4.0".
     1>C:\Program Files (x86)\MSBuild\Microsoft.Cpp\v4.0\V110\Microsoft.Cpp.Platform.targets(44,5): error MSB8020: The builds tools for v120 (Platform Toolset = 'v120') cannot be found. To build using the v120 build tools, either click the Project menu or right-click the solution, and then select "Update VC++ Projects...". Install v120 to build using the v120 build tools.
     1>Done Building Project "C:\Users\User\Desktop\TaskSotong\main\TaskSotong\TaskSotong\TaskSotong.vcxproj" (Build target(s)) -- FAILED.
=======
﻿Build started 12/3/2015 3:25:09 PM.
     1>Project "C:\Users\Liu Gantian\Desktop\TaskSotong\main\TaskSotong\TaskSotong\TaskSotong.vcxproj" on node 2 (Build target(s)).
     1>ClCompile:
         C:\Program Files (x86)\Microsoft Visual Studio 12.0\VC\bin\CL.exe /c /ZI /nologo /W3 /WX- /sdl /Od /Oy- /D _MBCS /Gm /EHsc /RTC1 /MDd /GS /fp:precise /Zc:wchar_t /Zc:forScope /Fo"Debug\\" /Fd"Debug\vc120.pdb" /Gd /TP /analyze- /errorReport:prompt Main.cpp
         Main.cpp
     1>c:\users\liu gantian\desktop\tasksotong\main\tasksotong\tasksotong\main.cpp(15): warning C4018: '<' : signed/unsigned mismatch
       Link:
         C:\Program Files (x86)\Microsoft Visual Studio 12.0\VC\bin\link.exe /ERRORREPORT:PROMPT /OUT:"C:\Users\Liu Gantian\Desktop\TaskSotong\main\TaskSotong\Debug\TaskSotong.exe" /INCREMENTAL /NOLOGO kernel32.lib user32.lib gdi32.lib winspool.lib comdlg32.lib advapi32.lib shell32.lib ole32.lib oleaut32.lib uuid.lib odbc32.lib odbccp32.lib /MANIFEST /MANIFESTUAC:"level='asInvoker' uiAccess='false'" /manifest:embed /DEBUG /PDB:"C:\Users\Liu Gantian\Desktop\TaskSotong\main\TaskSotong\Debug\TaskSotong.pdb" /TLBID:1 /DYNAMICBASE /NXCOMPAT /IMPLIB:"C:\Users\Liu Gantian\Desktop\TaskSotong\main\TaskSotong\Debug\TaskSotong.lib" /MACHINE:X86 Debug\Logic.obj
         Debug\paraList.obj
         Debug\Parser.obj
         Debug\Storage.obj
         Debug\Task.obj
         Debug\UI.obj
         Debug\Main.obj
         TaskSotong.vcxproj -> C:\Users\Liu Gantian\Desktop\TaskSotong\main\TaskSotong\Debug\TaskSotong.exe
     1>Done Building Project "C:\Users\Liu Gantian\Desktop\TaskSotong\main\TaskSotong\TaskSotong\TaskSotong.vcxproj" (Build target(s)).
>>>>>>> 1dfcd314773dc0eb2ce98b0cad2a0bc703d86d5f

Build FAILED.

<<<<<<< HEAD
Time Elapsed 00:00:00.01
=======
Time Elapsed 00:00:00.93
>>>>>>> 1dfcd314773dc0eb2ce98b0cad2a0bc703d86d5f
